<?xml version="1.0" encoding="UTF-8"?>
<!-- Generated by org.testng.reporters.JUnitReportReporter -->
<testsuite hostname="DESKTOP-RIEB0LF" failures="0" tests="1" name="TestCases.addToCartTestCases" time="19.980" errors="0" timestamp="2024-11-09T12:13:10 IST" skipped="0">
  <testcase classname="TestCases.addToCartTestCases" name="verifyProductPriceBeforeAndAfter" time="19.980"/>
  <system-out/>
</testsuite> <!-- TestCases.addToCartTestCases -->
